  Source.c
C:\Users\Ilya\Projects of oib\Laba1\Laba1\Source.c(60,33): warning C4244: функция: преобразование "unsigned __int64" в "double", возможна потеря данных
C:\Users\Ilya\Projects of oib\Laba1\Laba1\Source.c(104,36): warning C4244: функция: преобразование "unsigned __int64" в "double", возможна потеря данных
C:\Users\Ilya\Projects of oib\Laba1\Laba1\Source.c(104,41): warning C4244: функция: преобразование "unsigned __int64" в "double", возможна потеря данных
C:\Users\Ilya\Projects of oib\Laba1\Laba1\Source.c(146,12): warning C4018: >=: несоответствие типов со знаком и без знака
C:\Users\Ilya\Projects of oib\Laba1\Laba1\Source.c(165,9): warning C4477: "printf": в строке форматирования "%d" требуется аргумент типа "int", но вариативный аргумент "1" имеет тип "unsigned __int64"
C:\Users\Ilya\Projects of oib\Laba1\Laba1\Source.c(165,9): message : рекомендуется использовать "%lld" в строке форматирования
C:\Users\Ilya\Projects of oib\Laba1\Laba1\Source.c(165,9): message : рекомендуется использовать "%Id" в строке форматирования
C:\Users\Ilya\Projects of oib\Laba1\Laba1\Source.c(165,9): message : рекомендуется использовать "%I64d" в строке форматирования
C:\Users\Ilya\Projects of oib\Laba1\Laba1\Source.c(206,10): warning C4477: "printf": в строке форматирования "%c" требуется аргумент типа "int", но вариативный аргумент "1" имеет тип "unsigned __int64"
C:\Users\Ilya\Projects of oib\Laba1\Laba1\Source.c(213,10): warning C4477: "printf": в строке форматирования "%c" требуется аргумент типа "int", но вариативный аргумент "1" имеет тип "unsigned __int64"
C:\Users\Ilya\Projects of oib\Laba1\Laba1\Source.c(221,10): warning C4477: "printf": в строке форматирования "%c" требуется аргумент типа "int", но вариативный аргумент "1" имеет тип "unsigned __int64"
C:\Users\Ilya\Projects of oib\Laba1\Laba1\Source.c(228,10): warning C4477: "printf": в строке форматирования "%c" требуется аргумент типа "int", но вариативный аргумент "1" имеет тип "unsigned __int64"
C:\Users\Ilya\Projects of oib\Laba1\Laba1\Source.c(171,25): warning C4244: инициализация: преобразование "double" в "unsigned __int64", возможна потеря данных
  Создание кода
  2 of 13 functions (15.4%) were compiled, the rest were copied from previous compilation.
    0 functions were new in current compilation
    0 functions had inline decision re-evaluated but remain unchanged
  Создание кода завершено
  Laba1.vcxproj -> C:\Users\Ilya\Projects of oib\Laba1\x64\Release\Laba1.exe
